<?xml version="1.0" encoding="UTF-8"?>
<!-- Generated by org.testng.reporters.JUnitReportReporter -->
<testsuite skipped="0" hostname="gukeserl" name="olearning.hybrid.tests.TestRunner" tests="3" failures="0" timestamp="2020-08-19T08:40:26 IST" time="147.033" errors="0">
  <testcase name="selectLanguageTest" time="23.916" classname="olearning.hybrid.tests.TestRunner"/>
  <system-out/>
  <testcase name="selectCoursesTest" time="47.014" classname="olearning.hybrid.tests.TestRunner"/>
  <system-out/>
  <testcase name="playClassVideoTest" time="76.103" classname="olearning.hybrid.tests.TestRunner"/>
  <system-out/>
</testsuite> <!-- olearning.hybrid.tests.TestRunner -->
