<?xml version="1.0" encoding="UTF-8"?>
<!-- Generated by org.testng.reporters.JUnitReportReporter -->
<testsuite skipped="0" hostname="gukeserl" name="olearning.hybrid.tests.TestRunner2" tests="3" failures="0" timestamp="2020-08-19T07:25:49 IST" time="140.739" errors="0">
  <testcase name="selectLanguageTest" time="24.243" classname="olearning.hybrid.tests.TestRunner2"/>
  <system-out/>
  <testcase name="selectCoursesTest" time="48.222" classname="olearning.hybrid.tests.TestRunner2"/>
  <system-out/>
  <testcase name="playClassVideoTest" time="68.274" classname="olearning.hybrid.tests.TestRunner2"/>
  <system-out/>
</testsuite> <!-- olearning.hybrid.tests.TestRunner2 -->
